# JRE version: Java(TM) SE Runtime Environment (8.0_65-b17) (build 1.8.0_65-b17)
# Java VM: Java HotSpot(TM) 64-Bit Server VM (25.65-b01 mixed mode windows-amd64 compressed oops)
Heap:
 PSYoungGen      total 71168K, used 41241K [0x00000000eaf00000, 0x00000000f3e00000, 0x0000000100000000)
  eden space 65024K, 63% used [0x00000000eaf00000,0x00000000ed746600,0x00000000eee80000)
  from space 6144K, 0% used [0x00000000eee80000,0x00000000eee80000,0x00000000ef480000)
  to   space 8192K, 0% used [0x00000000f3600000,0x00000000f3600000,0x00000000f3e00000)
 ParOldGen       total 36352K, used 10575K [0x00000000c0c00000, 0x00000000c2f80000, 0x00000000eaf00000)
  object space 36352K, 29% used [0x00000000c0c00000,0x00000000c1653f70,0x00000000c2f80000)
 Metaspace       used 26107K, capacity 26348K, committed 26752K, reserved 1073152K
  class space    used 3329K, capacity 3394K, committed 3456K, reserved 1048576K
GC Heap History (10 events):
Event: 1.493 GC heap before
{Heap before GC invocations=4 (full 0):
 PSYoungGen      total 18944K, used 18919K [0x00000000eaf00000, 0x00000000ed400000, 0x0000000100000000)
  eden space 16384K, 100% used [0x00000000eaf00000,0x00000000ebf00000,0x00000000ebf00000)
  from space 2560K, 99% used [0x00000000ebf00000,0x00000000ec179e50,0x00000000ec180000)
  to   space 2560K, 0% used [0x00000000ed180000,0x00000000ed180000,0x00000000ed400000)
 ParOldGen       total 44032K, used 4921K [0x00000000c0c00000, 0x00000000c3700000, 0x00000000eaf00000)
  object space 44032K, 11% used [0x00000000c0c00000,0x00000000c10ce5c0,0x00000000c3700000)
 Metaspace       used 11736K, capacity 11854K, committed 12032K, reserved 1060864K
  class space    used 1475K, capacity 1497K, committed 1536K, reserved 1048576K
Event: 1.501 GC heap after
Heap after GC invocations=4 (full 0):
 PSYoungGen      total 35328K, used 2528K [0x00000000eaf00000, 0x00000000ed400000, 0x0000000100000000)
  eden space 32768K, 0% used [0x00000000eaf00000,0x00000000eaf00000,0x00000000ecf00000)
  from space 2560K, 98% used [0x00000000ed180000,0x00000000ed3f8020,0x00000000ed400000)
  to   space 2560K, 0% used [0x00000000ecf00000,0x00000000ecf00000,0x00000000ed180000)
 ParOldGen       total 44032K, used 7142K [0x00000000c0c00000, 0x00000000c3700000, 0x00000000eaf00000)
  object space 44032K, 16% used [0x00000000c0c00000,0x00000000c12f98d0,0x00000000c3700000)
 Metaspace       used 11736K, capacity 11854K, committed 12032K, reserved 1060864K
  class space    used 1475K, capacity 1497K, committed 1536K, reserved 1048576K
}
Event: 2.034 GC heap before
{Heap before GC invocations=5 (full 0):
 PSYoungGen      total 35328K, used 35296K [0x00000000eaf00000, 0x00000000ed400000, 0x0000000100000000)
  eden space 32768K, 100% used [0x00000000eaf00000,0x00000000ecf00000,0x00000000ecf00000)
  from space 2560K, 98% used [0x00000000ed180000,0x00000000ed3f8020,0x00000000ed400000)
  to   space 2560K, 0% used [0x00000000ecf00000,0x00000000ecf00000,0x00000000ed180000)
 ParOldGen       total 44032K, used 7142K [0x00000000c0c00000, 0x00000000c3700000, 0x00000000eaf00000)
  object space 44032K, 16% used [0x00000000c0c00000,0x00000000c12f98d0,0x00000000c3700000)
 Metaspace       used 12851K, capacity 12942K, committed 13184K, reserved 1060864K
  class space    used 1603K, capacity 1625K, committed 1664K, reserved 1048576K
Event: 2.054 GC heap after
Heap after GC invocations=5 (full 0):
 PSYoungGen      total 35328K, used 2529K [0x00000000eaf00000, 0x00000000efa00000, 0x0000000100000000)
  eden space 32768K, 0% used [0x00000000eaf00000,0x00000000eaf00000,0x00000000ecf00000)
  from space 2560K, 98% used [0x00000000ecf00000,0x00000000ed1787d8,0x00000000ed180000)
  to   space 5632K, 0% used [0x00000000ef480000,0x00000000ef480000,0x00000000efa00000)
 ParOldGen       total 44032K, used 9234K [0x00000000c0c00000, 0x00000000c3700000, 0x00000000eaf00000)
  object space 44032K, 20% used [0x00000000c0c00000,0x00000000c15049b8,0x00000000c3700000)
 Metaspace       used 12851K, capacity 12942K, committed 13184K, reserved 1060864K
  class space    used 1603K, capacity 1625K, committed 1664K, reserved 1048576K
}
Event: 2.775 GC heap before
{Heap before GC invocations=6 (full 0):
 PSYoungGen      total 35328K, used 35297K [0x00000000eaf00000, 0x00000000efa00000, 0x0000000100000000)
  eden space 32768K, 100% used [0x00000000eaf00000,0x00000000ecf00000,0x00000000ecf00000)
  from space 2560K, 98% used [0x00000000ecf00000,0x00000000ed1787d8,0x00000000ed180000)
  to   space 5632K, 0% used [0x00000000ef480000,0x00000000ef480000,0x00000000efa00000)
 ParOldGen       total 44032K, used 9234K [0x00000000c0c00000, 0x00000000c3700000, 0x00000000eaf00000)
  object space 44032K, 20% used [0x00000000c0c00000,0x00000000c15049b8,0x00000000c3700000)
 Metaspace       used 15187K, capacity 15296K, committed 15488K, reserved 1062912K
  class space    used 1889K, capacity 1916K, committed 1920K, reserved 1048576K
Event: 2.797 GC heap after
Heap after GC invocations=6 (full 0):
 PSYoungGen      total 70656K, used 5617K [0x00000000eaf00000, 0x00000000efb00000, 0x0000000100000000)
  eden space 65024K, 0% used [0x00000000eaf00000,0x00000000eaf00000,0x00000000eee80000)
  from space 5632K, 99% used [0x00000000ef480000,0x00000000ef9fc618,0x00000000efa00000)
  to   space 6144K, 0% used [0x00000000eee80000,0x00000000eee80000,0x00000000ef480000)
 ParOldGen       total 44032K, used 9242K [0x00000000c0c00000, 0x00000000c3700000, 0x00000000eaf00000)
  object space 44032K, 20% used [0x00000000c0c00000,0x00000000c15069b8,0x00000000c3700000)
 Metaspace       used 15187K, capacity 15296K, committed 15488K, reserved 1062912K
  class space    used 1889K, capacity 1916K, committed 1920K, reserved 1048576K
}
Event: 4.029 GC heap before
{Heap before GC invocations=7 (full 0):
 PSYoungGen      total 70656K, used 60063K [0x00000000eaf00000, 0x00000000efb00000, 0x0000000100000000)
  eden space 65024K, 83% used [0x00000000eaf00000,0x00000000ee42b928,0x00000000eee80000)
  from space 5632K, 99% used [0x00000000ef480000,0x00000000ef9fc618,0x00000000efa00000)
  to   space 6144K, 0% used [0x00000000eee80000,0x00000000eee80000,0x00000000ef480000)
 ParOldGen       total 44032K, used 9242K [0x00000000c0c00000, 0x00000000c3700000, 0x00000000eaf00000)
  object space 44032K, 20% used [0x00000000c0c00000,0x00000000c15069b8,0x00000000c3700000)
 Metaspace       used 21000K, capacity 21154K, committed 21248K, reserved 1067008K
  class space    used 2699K, capacity 2779K, committed 2816K, reserved 1048576K
Event: 4.045 GC heap after
Heap after GC invocations=7 (full 0):
 PSYoungGen      total 71168K, used 6139K [0x00000000eaf00000, 0x00000000f3e00000, 0x0000000100000000)
  eden space 65024K, 0% used [0x00000000eaf00000,0x00000000eaf00000,0x00000000eee80000)
  from space 6144K, 99% used [0x00000000eee80000,0x00000000ef47ef48,0x00000000ef480000)
  to   space 8192K, 0% used [0x00000000f3600000,0x00000000f3600000,0x00000000f3e00000)
 ParOldGen       total 44032K, used 11615K [0x00000000c0c00000, 0x00000000c3700000, 0x00000000eaf00000)
  object space 44032K, 26% used [0x00000000c0c00000,0x00000000c1757d10,0x00000000c3700000)
 Metaspace       used 21000K, capacity 21154K, committed 21248K, reserved 1067008K
  class space    used 2699K, capacity 2779K, committed 2816K, reserved 1048576K
}
Event: 4.045 GC heap before
{Heap before GC invocations=8 (full 1):
 PSYoungGen      total 71168K, used 6139K [0x00000000eaf00000, 0x00000000f3e00000, 0x0000000100000000)
  eden space 65024K, 0% used [0x00000000eaf00000,0x00000000eaf00000,0x00000000eee80000)
  from space 6144K, 99% used [0x00000000eee80000,0x00000000ef47ef48,0x00000000ef480000)
  to   space 8192K, 0% used [0x00000000f3600000,0x00000000f3600000,0x00000000f3e00000)
 ParOldGen       total 44032K, used 11615K [0x00000000c0c00000, 0x00000000c3700000, 0x00000000eaf00000)
  object space 44032K, 26% used [0x00000000c0c00000,0x00000000c1757d10,0x00000000c3700000)
 Metaspace       used 21000K, capacity 21154K, committed 21248K, reserved 1067008K
  class space    used 2699K, capacity 2779K, committed 2816K, reserved 1048576K
Event: 4.084 GC heap after
Heap after GC invocations=8 (full 1):
 PSYoungGen      total 71168K, used 0K [0x00000000eaf00000, 0x00000000f3e00000, 0x0000000100000000)
  eden space 65024K, 0% used [0x00000000eaf00000,0x00000000eaf00000,0x00000000eee80000)
  from space 6144K, 0% used [0x00000000eee80000,0x00000000eee80000,0x00000000ef480000)
  to   space 8192K, 0% used [0x00000000f3600000,0x00000000f3600000,0x00000000f3e00000)
 ParOldGen       total 36352K, used 10575K [0x00000000c0c00000, 0x00000000c2f80000, 0x00000000eaf00000)
  object space 36352K, 29% used [0x00000000c0c00000,0x00000000c1653f70,0x00000000c2f80000)
 Metaspace       used 21000K, capacity 21154K, committed 21248K, reserved 1067008K
  class space    used 2699K, capacity 2779K, committed 2816K, reserved 1048576K
}

